2018-06-19 11:14:30,259 Instabot Started
2018-06-19 11:14:49,425 Instabot Started
2018-06-19 11:14:50,874 Logged-in successfully as 'CheapWeed_sf'!
2018-06-19 11:14:50,875 Saved cookie!
2018-06-19 11:14:57,432 Photo 'post.jpg' is uploaded.
2018-06-19 11:14:57,825 Bot stopped. Worked: 0:00:08.398242
2018-06-19 11:14:57,826 Total requests: 5
2018-06-19 11:14:57,827 Bot stopped. Worked: 0:00:08.402862
2018-06-19 11:14:57,828 Total requests: 5
2018-06-19 11:32:49,432 Instabot Started
2018-06-19 11:32:50,903 Logged-in successfully as 'CheapWeed_sf'!
2018-06-19 11:32:50,905 Saved cookie!
2018-06-19 11:32:54,362 Photo does not have a compatible photo aspect ratio.
2018-06-19 11:32:54,363 Photo 'post.jpg' is not uploaded.
2018-06-19 11:32:54,662 Bot stopped. Worked: 0:18:05.235758
2018-06-19 11:32:54,663 Total requests: 6
2018-06-19 11:32:54,665 Bot stopped. Worked: 0:18:05.240814
2018-06-19 11:32:54,665 Total requests: 6
2018-06-19 11:33:19,610 Instabot Started
2018-06-19 11:33:20,903 Logged-in successfully as 'CheapWeed_sf'!
2018-06-19 11:33:20,905 Saved cookie!
2018-06-19 11:33:28,275 Photo 'post.jpg' is uploaded.
2018-06-19 11:33:28,579 Bot stopped. Worked: 0:18:39.154478
2018-06-19 11:33:28,579 Total requests: 9
2018-06-19 11:33:28,580 Bot stopped. Worked: 0:18:39.156244
2018-06-19 11:33:28,581 Total requests: 9
2018-06-19 11:34:22,412 Instabot Started
2018-06-19 11:34:23,430 Logged-in successfully as 'CheapWeed_sf'!
2018-06-19 11:34:23,431 Saved cookie!
2018-06-19 11:34:24,531 Photo does not have a compatible photo aspect ratio.
2018-06-19 11:34:24,531 Photo 'post.jpg' is not uploaded.
2018-06-19 11:34:24,769 Bot stopped. Worked: 0:19:35.345186
2018-06-19 11:34:24,770 Total requests: 10
2018-06-19 11:34:24,771 Bot stopped. Worked: 0:19:35.346645
2018-06-19 11:34:24,773 Total requests: 10
2018-06-19 11:38:57,081 Instabot Started
2018-06-19 11:38:58,310 Logged-in successfully as 'CheapWeed_sf'!
2018-06-19 11:38:58,314 Saved cookie!
2018-06-19 11:39:03,701 Photo 'post.jpg' is uploaded.
2018-06-19 11:39:03,942 Bot stopped. Worked: 0:24:14.517882
2018-06-19 11:39:03,943 Total requests: 13
2018-06-19 11:39:03,945 Bot stopped. Worked: 0:24:14.520514
2018-06-19 11:39:03,945 Total requests: 13
2018-06-19 11:47:08,550 Instabot Started
2018-06-19 11:47:11,278 Logged-in successfully as 'CheapWeed_sf'!
2018-06-19 11:47:11,283 Saved cookie!
2018-06-19 11:47:14,405 Photo does not have a compatible photo aspect ratio.
2018-06-19 11:47:14,405 Photo 'post.jpg' is not uploaded.
2018-06-19 11:47:14,651 Bot stopped. Worked: 0:32:25.226899
2018-06-19 11:47:14,652 Total requests: 14
2018-06-19 11:47:14,654 Bot stopped. Worked: 0:32:25.229573
2018-06-19 11:47:14,654 Total requests: 14
2018-06-19 11:47:44,120 Instabot Started
2018-06-19 11:47:45,548 Logged-in successfully as 'CheapWeed_sf'!
2018-06-19 11:47:45,552 Saved cookie!
2018-06-19 11:47:48,900 Photo does not have a compatible photo aspect ratio.
2018-06-19 11:47:48,900 Photo 'post.jpg' is not uploaded.
2018-06-19 11:47:49,223 Bot stopped. Worked: 0:32:59.799238
2018-06-19 11:47:49,224 Total requests: 15
2018-06-19 11:47:49,225 Bot stopped. Worked: 0:32:59.801307
2018-06-19 11:47:49,226 Total requests: 15
2018-06-19 11:48:49,150 Instabot Started
2018-06-19 11:48:50,530 Logged-in successfully as 'CheapWeed_sf'!
2018-06-19 11:48:50,535 Saved cookie!
2018-06-19 11:48:56,724 Photo 'post.jpg' is uploaded.
2018-06-19 11:48:57,039 Bot stopped. Worked: 0:34:07.614952
2018-06-19 11:48:57,040 Total requests: 18
2018-06-19 11:48:57,041 Bot stopped. Worked: 0:34:07.616694
2018-06-19 11:48:57,041 Total requests: 18
2018-06-19 11:50:06,281 Instabot Started
2018-06-19 11:50:07,385 Logged-in successfully as 'CheapWeed_sf'!
2018-06-19 11:50:07,387 Saved cookie!
2018-06-19 11:50:14,015 Photo 'post.jpg' is uploaded.
2018-06-19 11:50:14,448 Bot stopped. Worked: 0:35:25.023524
2018-06-19 11:50:14,448 Total requests: 21
2018-06-19 11:50:14,449 Bot stopped. Worked: 0:35:25.025229
2018-06-19 11:50:14,450 Total requests: 21
2018-06-19 11:52:43,602 Instabot Started
2018-06-19 11:52:44,687 Logged-in successfully as 'CheapWeed_sf'!
2018-06-19 11:52:44,691 Saved cookie!
2018-06-19 11:52:50,950 Photo 'post.jpg' is uploaded.
2018-06-19 11:52:51,318 Bot stopped. Worked: 0:38:01.894021
2018-06-19 11:52:51,319 Total requests: 24
2018-06-19 11:52:51,321 Bot stopped. Worked: 0:38:01.896626
2018-06-19 11:52:51,321 Total requests: 24
2018-06-19 11:53:30,665 Instabot Started
2018-06-19 11:53:31,876 Logged-in successfully as 'CheapWeed_sf'!
2018-06-19 11:53:31,879 Saved cookie!
2018-06-19 11:53:35,253 Photo does not have a compatible photo aspect ratio.
2018-06-19 11:53:35,253 Photo 'post.jpg' is not uploaded.
2018-06-19 11:53:35,688 Bot stopped. Worked: 0:38:46.263388
2018-06-19 11:53:35,688 Total requests: 25
2018-06-19 11:53:35,689 Bot stopped. Worked: 0:38:46.265328
2018-06-19 11:53:35,690 Total requests: 25
2018-06-19 11:57:48,803 Instabot Started
2018-06-19 11:57:49,930 Logged-in successfully as 'CheapWeed_sf'!
2018-06-19 11:57:49,934 Saved cookie!
2018-06-19 11:57:51,454 Photo does not have a compatible photo aspect ratio.
2018-06-19 11:57:51,454 Photo 'post.jpg' is not uploaded.
2018-06-19 11:57:51,812 Bot stopped. Worked: 0:43:02.387491
2018-06-19 11:57:51,812 Total requests: 26
2018-06-19 11:57:51,813 Bot stopped. Worked: 0:43:02.388821
2018-06-19 11:57:51,813 Total requests: 26
2018-06-19 11:58:44,094 Instabot Started
2018-06-19 11:58:45,417 Logged-in successfully as 'CheapWeed_sf'!
2018-06-19 11:58:45,418 Saved cookie!
2018-06-19 11:58:48,537 Photo does not have a compatible photo aspect ratio.
2018-06-19 11:58:48,538 Photo 'post.jpg' is not uploaded.
2018-06-19 11:58:48,774 Bot stopped. Worked: 0:43:59.349385
2018-06-19 11:58:48,774 Total requests: 27
2018-06-19 11:58:48,776 Bot stopped. Worked: 0:43:59.351609
2018-06-19 11:58:48,776 Total requests: 27
2018-06-19 11:59:28,453 Instabot Started
2018-06-19 11:59:29,733 Logged-in successfully as 'CheapWeed_sf'!
2018-06-19 11:59:29,737 Saved cookie!
2018-06-19 11:59:32,424 Photo does not have a compatible photo aspect ratio.
2018-06-19 11:59:32,424 Photo 'post.jpg' is not uploaded.
2018-06-19 11:59:32,667 Bot stopped. Worked: 0:44:43.242796
2018-06-19 11:59:32,668 Total requests: 28
2018-06-19 11:59:32,669 Bot stopped. Worked: 0:44:43.244953
2018-06-19 11:59:32,670 Total requests: 28
2018-06-19 11:59:49,242 Instabot Started
2018-06-19 11:59:50,358 Logged-in successfully as 'CheapWeed_sf'!
2018-06-19 11:59:50,359 Saved cookie!
2018-06-19 11:59:57,185 Photo 'post.jpg' is uploaded.
2018-06-19 11:59:57,509 Bot stopped. Worked: 0:45:08.084997
2018-06-19 11:59:57,510 Total requests: 31
2018-06-19 11:59:57,511 Bot stopped. Worked: 0:45:08.087043
2018-06-19 11:59:57,512 Total requests: 31
2018-06-19 12:00:40,800 Instabot Started
2018-06-19 12:00:41,938 Logged-in successfully as 'CheapWeed_sf'!
2018-06-19 12:00:41,950 Saved cookie!
2018-06-19 12:00:49,258 Photo 'post.jpg' is uploaded.
2018-06-19 12:00:49,560 Bot stopped. Worked: 0:46:00.135564
2018-06-19 12:00:49,560 Total requests: 34
2018-06-19 12:00:49,561 Bot stopped. Worked: 0:46:00.137132
2018-06-19 12:00:49,562 Total requests: 34
2018-06-19 12:01:11,090 Instabot Started
2018-06-19 12:01:12,319 Logged-in successfully as 'CheapWeed_sf'!
2018-06-19 12:01:12,320 Saved cookie!
2018-06-19 12:01:18,349 Photo 'post.jpg' is uploaded.
2018-06-19 12:01:18,662 Bot stopped. Worked: 0:46:29.237667
2018-06-19 12:01:18,663 Total requests: 37
2018-06-19 12:01:18,664 Bot stopped. Worked: 0:46:29.239651
2018-06-19 12:01:18,664 Total requests: 37
2018-06-19 13:38:06,668 Instabot Started
2018-06-19 13:38:07,486 Logged-in successfully as 'CheapWeed_sf'!
2018-06-19 13:38:07,492 Saved cookie!
2018-06-19 13:38:14,647 Photo 'post.jpg' is uploaded.
2018-06-19 13:38:15,053 Bot stopped. Worked: 2:23:25.626476
2018-06-19 13:38:15,054 Total requests: 40
2018-06-19 13:38:15,055 Bot stopped. Worked: 2:23:25.630672
2018-06-19 13:38:15,055 Total requests: 40
2018-06-19 14:22:27,723 Instabot Started
2018-06-19 14:22:29,816 Logged-in successfully as 'CheapWeed_sf'!
2018-06-19 14:22:29,819 Saved cookie!
2018-06-19 14:22:35,979 Photo 'post.jpg' is uploaded.
2018-06-19 14:22:36,210 Bot stopped. Worked: 3:07:46.783515
2018-06-19 14:22:36,212 Total requests: 43
2018-06-19 14:22:36,215 Bot stopped. Worked: 3:07:46.790753
2018-06-19 14:22:36,216 Total requests: 43
2018-06-19 15:08:36,057 Instabot Started
2018-06-19 15:08:36,951 Logged-in successfully as 'CheapWeed_sf'!
2018-06-19 15:08:36,958 Saved cookie!
2018-06-19 15:08:41,567 Photo 'post.jpg' is uploaded.
2018-06-19 15:08:41,792 Bot stopped. Worked: 3:53:52.365574
2018-06-19 15:08:41,792 Total requests: 46
2018-06-19 20:58:38,676 Bot stopped. Worked: 9:43:49.250753
2018-06-19 20:58:38,688 Total requests: 46
2018-06-19 22:18:17,446 Instabot Started
2018-06-19 22:18:18,459 Logged-in successfully as 'CheapWeed_sf'!
2018-06-19 22:18:18,463 Saved cookie!
2018-06-19 22:18:36,014 Instabot Started
2018-06-19 22:18:36,887 Logged-in successfully as 'CheapWeed_sf'!
2018-06-19 22:18:36,889 Saved cookie!
2018-06-19 22:18:37,273 Bot stopped. Worked: 11:03:47.848979
2018-06-19 22:18:37,275 Total requests: 48
2018-06-19 22:18:37,277 Bot stopped. Worked: 11:03:47.852723
2018-06-19 22:18:37,278 Total requests: 48
2018-06-19 22:31:19,457 Instabot Started
2018-06-19 22:31:20,323 Logged-in successfully as 'CheapWeed_sf'!
2018-06-19 22:31:20,326 Saved cookie!
2018-06-19 22:31:20,620 Bot stopped. Worked: 11:16:31.195451
2018-06-19 22:31:20,620 Total requests: 49
2018-06-19 22:31:20,621 Bot stopped. Worked: 11:16:31.196710
2018-06-19 22:31:20,621 Total requests: 49
2018-06-20 13:06:58,947 Instabot Started
2018-06-20 13:07:00,025 Logged-in successfully as 'CheapWeed_sf'!
2018-06-20 13:07:00,031 Saved cookie!
2018-06-20 13:07:07,549 Photo 'post.jpg' is uploaded.
2018-06-20 13:07:07,791 Bot stopped. Worked: 1 day, 1:52:18.363367
2018-06-20 13:07:07,795 Total requests: 52
2018-06-20 13:07:07,797 Bot stopped. Worked: 1 day, 1:52:18.372700
2018-06-20 13:07:07,797 Total requests: 52
2018-06-21 19:04:23,549 Instabot Started
2018-06-21 19:04:25,428 Logged-in successfully as 'mg_bot'!
2018-06-21 19:04:25,433 Saved cookie!
2018-06-21 19:04:25,763 Bot stopped. Worked: 0:00:02.213363
2018-06-21 19:04:25,764 Total requests: 3
2018-06-21 19:04:44,321 Instabot Started
2018-06-21 19:04:44,328 Logged-in successfully as 'mg_bot' using the cookie!
2018-06-21 19:20:55,032 Instabot Started
2018-06-21 19:20:55,040 Logged-in successfully as 'mg_bot' using the cookie!
2018-06-21 19:20:59,923 Photo '/Users/Hallshit/Documents/MGIGBOT/venv/cheapweedsf/postsToBeUploaded/Grasshopper SF - SOMA.jpg' is uploaded.
2018-06-21 19:21:00,297 Bot stopped. Worked: 0:16:36.747963
2018-06-21 19:21:00,297 Total requests: 5
2018-06-21 19:21:00,298 Bot stopped. Worked: 0:16:36.749509
2018-06-21 19:21:00,298 Total requests: 5
2018-06-21 19:39:58,182 Instabot Started
2018-06-21 19:39:58,191 Logged-in successfully as 'mg_bot' using the cookie!
2018-06-21 19:39:58,751 Bot stopped. Worked: 0:35:35.202442
2018-06-21 19:39:58,752 Total requests: 6
2018-06-21 19:40:43,988 Instabot Started
2018-06-21 19:40:43,993 Logged-in successfully as 'mg_bot' using the cookie!
2018-06-21 19:40:50,386 Photo 'postsToBeUploaded/24424.jpg' is uploaded.
2018-06-21 19:40:50,923 Bot stopped. Worked: 0:36:27.374686
2018-06-21 19:40:50,923 Total requests: 8
2018-06-21 19:40:50,925 Bot stopped. Worked: 0:36:27.376595
2018-06-21 19:40:50,925 Total requests: 8
2018-06-21 19:49:13,586 Instabot Started
2018-06-21 19:49:13,589 Logged-in successfully as 'mg_bot' using the cookie!
2018-06-21 19:49:19,525 Photo 'postsToBeUploaded/24424.jpg' is uploaded.
2018-06-21 19:49:19,934 Bot stopped. Worked: 0:44:56.385955
2018-06-21 19:49:19,935 Total requests: 11
2018-06-21 19:49:19,936 Bot stopped. Worked: 0:44:56.388057
2018-06-21 19:49:19,936 Total requests: 11
2018-06-21 19:52:25,913 Instabot Started
2018-06-21 19:52:25,918 Logged-in successfully as 'mg_bot' using the cookie!
2018-06-21 19:52:32,941 Photo 'postsToBeUploaded/24424.jpg' is uploaded.
2018-06-21 19:52:33,500 Bot stopped. Worked: 0:48:09.951938
2018-06-21 19:52:33,501 Total requests: 14
2018-06-21 19:52:33,502 Bot stopped. Worked: 0:48:09.953796
2018-06-21 19:52:33,502 Total requests: 14
2018-06-21 19:57:52,358 Instabot Started
2018-06-21 19:57:52,365 Logged-in successfully as 'mg_bot' using the cookie!
2018-06-21 19:57:53,053 Bot stopped. Worked: 0:53:29.504446
2018-06-21 19:57:53,053 Total requests: 15
2018-06-21 19:57:53,055 Bot stopped. Worked: 0:53:29.506724
2018-06-21 19:57:53,055 Total requests: 15
2018-06-21 19:58:57,756 Instabot Started
2018-06-21 19:58:57,761 Logged-in successfully as 'mg_bot' using the cookie!
2018-06-21 19:58:58,544 Bot stopped. Worked: 0:54:34.996260
2018-06-21 19:58:58,545 Total requests: 16
2018-06-21 19:58:58,546 Bot stopped. Worked: 0:54:34.998079
2018-06-21 19:58:58,547 Total requests: 16
2018-06-21 20:00:54,611 Instabot Started
2018-06-21 20:00:54,617 Logged-in successfully as 'mg_bot' using the cookie!
2018-06-21 20:01:02,042 Photo 'postsToBeUploaded/24424.jpg' is uploaded.
2018-06-21 20:01:02,516 Bot stopped. Worked: 0:56:38.967533
2018-06-21 20:01:02,516 Total requests: 19
2018-06-21 20:01:02,518 Bot stopped. Worked: 0:56:38.970028
2018-06-21 20:01:02,519 Total requests: 19
2018-06-21 20:03:02,459 Instabot Started
2018-06-21 20:03:03,720 Logged-in successfully as 'CheapWeed_sf'!
2018-06-21 20:03:03,725 Saved cookie!
2018-06-21 20:03:09,215 Photo 'post.jpg' is uploaded.
2018-06-21 20:03:09,521 Bot stopped. Worked: 2 days, 8:48:20.096910
2018-06-21 20:03:09,522 Total requests: 55
2018-06-21 20:03:09,522 Bot stopped. Worked: 2 days, 8:48:20.098304
2018-06-21 20:03:09,523 Total requests: 55
